app/build/outputs/logs/manifest-merger-release-report.txt
-- Merging decision tree log ---
manifest
ADDED from src\main\AndroidManifest.xml:2:1-275:12
	package
		ADDED from src\main\AndroidManifest.xml:3:5-49
		INJECTED from src\main\AndroidManifest.xml
		INJECTED from src\main\AndroidManifest.xml
	android:versionName
		INJECTED from src\main\AndroidManifest.xml
		INJECTED from src\main\AndroidManifest.xml
	xmlns:android
		ADDED from src\main\AndroidManifest.xml:2:11-69
	android:versionCode
		INJECTED from src\main\AndroidManifest.xml
		INJECTED from src\main\AndroidManifest.xml
uses-permission#android.permission.CHANGE_WIFI_STATE
ADDED from src\main\AndroidManifest.xml:6:5-76
MERGED from [cn.jiguang.sdk:jpush:3.0.3] AndroidManifest.xml:32:5-76
	android:name
		ADDED from src\main\AndroidManifest.xml:6:22-73
uses-permission#android.permission.FLASHLIGHT
ADDED from src\main\AndroidManifest.xml:7:5-69
	android:name
		ADDED from src\main\AndroidManifest.xml:7:22-66
uses-permission#android.permission.MOUNT_UNMOUNT_FILESYSTEMS
ADDED from src\main\AndroidManifest.xml:8:5-84
MERGED from [cn.jiguang.sdk:jpush:3.0.3] AndroidManifest.xml:25:5-84
	android:name
		ADDED from src\main\AndroidManifest.xml:8:22-81
uses-feature#android.hardware.camera
ADDED from src\main\AndroidManifest.xml:10:5-60
	android:name
		ADDED from src\main\AndroidManifest.xml:10:19-57
uses-feature#android.hardware.camera.autofocus
ADDED from src\main\AndroidManifest.xml:11:5-70
	android:name
		ADDED from src\main\AndroidManifest.xml:11:19-67
uses-permission#android.permission.GET_TASKS
ADDED from src\main\AndroidManifest.xml:13:5-68
	android:name
		ADDED from src\main\AndroidManifest.xml:13:22-65
uses-permission#android.permission.RECEIVE_BOOT_COMPLETED
ADDED from src\main\AndroidManifest.xml:14:5-81
	android:name
		ADDED from src\main\AndroidManifest.xml:14:22-78
uses-permission#android.permission.CAMERA
ADDED from src\main\AndroidManifest.xml:16:5-65
	android:name
		ADDED from src\main\AndroidManifest.xml:16:22-62
uses-permission#android.permission.INTERNET
ADDED from src\main\AndroidManifest.xml:18:5-67
MERGED from [cn.jiguang.sdk:jpush:3.0.3] AndroidManifest.xml:18:5-67
	android:name
		ADDED from src\main\AndroidManifest.xml:18:22-64
uses-permission#android.permission.RECORD_AUDIO
ADDED from src\main\AndroidManifest.xml:20:5-71
MERGED from [com.czt.mp3recorder:library:1.0.4] AndroidManifest.xml:11:5-71
	android:name
		ADDED from src\main\AndroidManifest.xml:20:22-68
uses-permission#android.permission.VIBRATE
ADDED from src\main\AndroidManifest.xml:22:5-66
MERGED from [cn.jiguang.sdk:jpush:3.0.3] AndroidManifest.xml:24:5-66
	android:name
		ADDED from src\main\AndroidManifest.xml:22:22-63
uses-permission#android.permission.ACCESS_NETWORK_STATE
ADDED from src\main\AndroidManifest.xml:24:5-79
MERGED from [cn.jiguang.sdk:jpush:3.0.3] AndroidManifest.xml:26:5-79
	android:name
		ADDED from src\main\AndroidManifest.xml:24:22-76
uses-permission#android.permission.ACCESS_WIFI_STATE
ADDED from src\main\AndroidManifest.xml:26:5-76
MERGED from [cn.jiguang.sdk:jpush:3.0.3] AndroidManifest.xml:27:5-76
	android:name
		ADDED from src\main\AndroidManifest.xml:26:22-73
uses-permission#android.permission.READ_PHONE_STATE
ADDED from src\main\AndroidManifest.xml:28:5-75
MERGED from [cn.jiguang.sdk:jpush:3.0.3] AndroidManifest.xml:20:5-75
	android:name
		ADDED from src\main\AndroidManifest.xml:28:22-72
uses-permission#android.permission.WAKE_LOCK
ADDED from src\main\AndroidManifest.xml:30:5-68
MERGED from [cn.jiguang.sdk:jpush:3.0.3] AndroidManifest.xml:19:5-68
	android:name
		ADDED from src\main\AndroidManifest.xml:30:22-65
uses-permission#android.permission.WRITE_EXTERNAL_STORAGE
ADDED from src\main\AndroidManifest.xml:32:5-81
MERGED from [com.czt.mp3recorder:library:1.0.4] AndroidManifest.xml:12:5-81
MERGED from [cn.jiguang.sdk:jpush:3.0.3] AndroidManifest.xml:21:5-81
	android:name
		ADDED from src\main\AndroidManifest.xml:32:22-78
uses-permission#android.permission.READ_EXTERNAL_STORAGE
ADDED from src\main\AndroidManifest.xml:33:5-80
MERGED from [cn.jiguang.sdk:jpush:3.0.3] AndroidManifest.xml:22:5-80
	android:name
		ADDED from src\main\AndroidManifest.xml:33:22-77
uses-permission#android.permission.ACCESS_FINE_LOCATION
ADDED from src\main\AndroidManifest.xml:35:5-79
MERGED from [cn.jiguang.sdk:jpush:3.0.3] AndroidManifest.xml:33:5-79
	android:name
		ADDED from src\main\AndroidManifest.xml:35:22-76
uses-permission#android.permission.MODIFY_AUDIO_SETTINGS
ADDED from src\main\AndroidManifest.xml:37:5-80
	android:name
		ADDED from src\main\AndroidManifest.xml:37:22-77
uses-permission#android.permission.WRITE_SETTINGS
ADDED from src\main\AndroidManifest.xml:39:5-73
MERGED from [cn.jiguang.sdk:jpush:3.0.3] AndroidManifest.xml:23:5-73
	android:name
		ADDED from src\main\AndroidManifest.xml:39:22-70
uses-permission#com.android.launcher.permission.READ_SETTINGS
ADDED from src\main\AndroidManifest.xml:41:5-85
	android:name
		ADDED from src\main\AndroidManifest.xml:41:22-82
uses-permission#android.permission.READ_CONTACTS
ADDED from src\main\AndroidManifest.xml:48:5-72
	android:name
		ADDED from src\main\AndroidManifest.xml:48:22-69
uses-permission#android.permission.GET_ACCOUNTS
ADDED from src\main\AndroidManifest.xml:52:5-71
	android:name
		ADDED from src\main\AndroidManifest.xml:52:22-68
uses-permission#android.permission.USE_CREDENTIALS
ADDED from src\main\AndroidManifest.xml:54:5-74
	android:name
		ADDED from src\main\AndroidManifest.xml:54:22-71
uses-permission#android.permission.MANAGE_ACCOUNTS
ADDED from src\main\AndroidManifest.xml:56:5-74
	android:name
		ADDED from src\main\AndroidManifest.xml:56:22-71
uses-permission#android.permission.AUTHENTICATE_ACCOUNTS
ADDED from src\main\AndroidManifest.xml:58:5-80
	android:name
		ADDED from src\main\AndroidManifest.xml:58:22-77
uses-permission#android.permission.BROADCAST_STICKY
ADDED from src\main\AndroidManifest.xml:60:5-75
	android:name
		ADDED from src\main\AndroidManifest.xml:60:22-72
uses-permission#android.permission.CALL_PHONE
ADDED from src\main\AndroidManifest.xml:66:5-69
	android:name
		ADDED from src\main\AndroidManifest.xml:66:22-66
uses-permission#android.permission.REQUEST_INSTALL_PACKAGES
ADDED from src\main\AndroidManifest.xml:68:5-83
	android:name
		ADDED from src\main\AndroidManifest.xml:68:22-80
application
ADDED from src\main\AndroidManifest.xml:70:5-273:19
MERGED from [com.jaeger.statusbarutil:library:1.4.0] AndroidManifest.xml:11:5-20
MERGED from [com.android.support:cardview-v7:25.2.0] AndroidManifest.xml:22:5-20
MERGED from [com.github.devlight.shadowlayout:library:1.0.2] AndroidManifest.xml:23:5-26:38
MERGED from [com.android.support.constraint:constraint-layout:1.0.2] AndroidManifest.xml:9:5-20
MERGED from [com.just.agentweb:agentweb:1.2.6] AndroidManifest.xml:11:5-26:19
MERGED from [com.android.support:design:25.3.1] AndroidManifest.xml:29:5-20
MERGED from [com.android.support:appcompat-v7:25.3.1] AndroidManifest.xml:29:5-20
MERGED from [com.android.support:animated-vector-drawable:25.3.1] AndroidManifest.xml:26:5-20
MERGED from [com.android.support:support-vector-drawable:25.3.1] AndroidManifest.xml:26:5-20
MERGED from [com.android.support:transition:25.3.1] AndroidManifest.xml:26:5-20
MERGED from [com.android.support:support-v4:25.3.1] AndroidManifest.xml:29:5-20
MERGED from [com.android.support:support-fragment:25.3.1] AndroidManifest.xml:29:5-20
MERGED from [com.android.support:support-media-compat:25.3.1] AndroidManifest.xml:29:5-20
MERGED from [com.android.support:support-core-ui:25.3.1] AndroidManifest.xml:29:5-20
MERGED from [com.android.support:support-core-utils:25.3.1] AndroidManifest.xml:29:5-20
MERGED from [com.android.support:support-compat:25.3.1] AndroidManifest.xml:29:5-20
MERGED from [cn.jiguang.sdk:jpush:3.0.3] AndroidManifest.xml:37:5-128:19
MERGED from [cn.jiguang.sdk:jcore:1.1.1] AndroidManifest.xml:11:5-12:19
MERGED from [org.litepal.android:core:1.4.1] AndroidManifest.xml:11:5-14:19
	android:label
		ADDED from src\main\AndroidManifest.xml:75:9-41
	android:supportsRtl
		ADDED from src\main\AndroidManifest.xml:76:9-35
	android:configChanges
		ADDED from src\main\AndroidManifest.xml:73:9-70
	android:allowBackup
		ADDED from src\main\AndroidManifest.xml:72:9-35
	android:icon
		ADDED from src\main\AndroidManifest.xml:74:9-45
	android:theme
		ADDED from src\main\AndroidManifest.xml:77:9-41
	android:name
		ADDED from src\main\AndroidManifest.xml:71:9-30
activity#education.zhiyuan.com.picturebooks.activity.GuideActivity
ADDED from src\main\AndroidManifest.xml:80:9-89:20
	android:screenOrientation
		ADDED from src\main\AndroidManifest.xml:82:13-49
	android:theme
		ADDED from src\main\AndroidManifest.xml:83:13-44
	android:name
		ADDED from src\main\AndroidManifest.xml:81:13-51
intent-filter#android.intent.action.MAIN+android.intent.category.LAUNCHER
ADDED from src\main\AndroidManifest.xml:84:13-88:29
action#android.intent.action.MAIN
ADDED from src\main\AndroidManifest.xml:85:17-69
	android:name
		ADDED from src\main\AndroidManifest.xml:85:25-66
category#android.intent.category.LAUNCHER
ADDED from src\main\AndroidManifest.xml:87:17-77
	android:name
		ADDED from src\main\AndroidManifest.xml:87:27-74
activity#education.zhiyuan.com.picturebooks.activity.WelcomeActivity
ADDED from src\main\AndroidManifest.xml:91:9-93:52
	android:screenOrientation
		ADDED from src\main\AndroidManifest.xml:93:13-49
	android:name
		ADDED from src\main\AndroidManifest.xml:92:13-53
activity#education.zhiyuan.com.picturebooks.activity.CommentsActivity
ADDED from src\main\AndroidManifest.xml:95:9-97:52
	android:screenOrientation
		ADDED from src\main\AndroidManifest.xml:97:13-49
	android:name
		ADDED from src\main\AndroidManifest.xml:96:13-54
activity#education.zhiyuan.com.picturebooks.activity.LoginActivity
ADDED from src\main\AndroidManifest.xml:99:9-101:52
	android:screenOrientation
		ADDED from src\main\AndroidManifest.xml:101:13-49
	android:name
		ADDED from src\main\AndroidManifest.xml:100:13-51
activity#education.zhiyuan.com.picturebooks.activity.RegisteredActivity
ADDED from src\main\AndroidManifest.xml:103:9-105:52
	android:screenOrientation
		ADDED from src\main\AndroidManifest.xml:105:13-49
	android:name
		ADDED from src\main\AndroidManifest.xml:104:13-56
activity#education.zhiyuan.com.picturebooks.activity.MyWaterActivity
ADDED from src\main\AndroidManifest.xml:107:9-109:52
	android:screenOrientation
		ADDED from src\main\AndroidManifest.xml:109:13-49
	android:name
		ADDED from src\main\AndroidManifest.xml:108:13-53
activity#education.zhiyuan.com.picturebooks.activity.MyBridge
ADDED from src\main\AndroidManifest.xml:111:9-113:52
	android:screenOrientation
		ADDED from src\main\AndroidManifest.xml:113:13-49
	android:name
		ADDED from src\main\AndroidManifest.xml:112:13-46
activity#education.zhiyuan.com.picturebooks.activity.UserInfoActivity
ADDED from src\main\AndroidManifest.xml:115:9-117:52
	android:screenOrientation
		ADDED from src\main\AndroidManifest.xml:117:13-49
	android:name
		ADDED from src\main\AndroidManifest.xml:116:13-54
activity#education.zhiyuan.com.picturebooks.activity.ToDayClockActivity
ADDED from src\main\AndroidManifest.xml:119:9-121:52
	android:screenOrientation
		ADDED from src\main\AndroidManifest.xml:121:13-49
	android:name
		ADDED from src\main\AndroidManifest.xml:120:13-56
activity#education.zhiyuan.com.picturebooks.activity.AgeMoreActivity
ADDED from src\main\AndroidManifest.xml:123:9-125:52
	android:screenOrientation
		ADDED from src\main\AndroidManifest.xml:125:13-49
	android:name
		ADDED from src\main\AndroidManifest.xml:124:13-53
activity#education.zhiyuan.com.picturebooks.activity.BridgeDetail
ADDED from src\main\AndroidManifest.xml:127:9-129:52
	android:screenOrientation
		ADDED from src\main\AndroidManifest.xml:129:13-49
	android:name
		ADDED from src\main\AndroidManifest.xml:128:13-50
activity#education.zhiyuan.com.picturebooks.activity.BannerDetailActivity
ADDED from src\main\AndroidManifest.xml:132:9-134:52
	android:screenOrientation
		ADDED from src\main\AndroidManifest.xml:134:13-49
	android:name
		ADDED from src\main\AndroidManifest.xml:133:13-58
activity#education.zhiyuan.com.picturebooks.activity.ToReadDetailActivity
ADDED from src\main\AndroidManifest.xml:136:9-138:52
	android:screenOrientation
		ADDED from src\main\AndroidManifest.xml:138:13-49
	android:name
		ADDED from src\main\AndroidManifest.xml:137:13-58
activity#education.zhiyuan.com.picturebooks.activity.WaterDetail
ADDED from src\main\AndroidManifest.xml:140:9-142:52
	android:screenOrientation
		ADDED from src\main\AndroidManifest.xml:142:13-49
	android:name
		ADDED from src\main\AndroidManifest.xml:141:13-49
activity#education.zhiyuan.com.picturebooks.activity.MyToReadActivity
ADDED from src\main\AndroidManifest.xml:144:9-146:52
	android:screenOrientation
		ADDED from src\main\AndroidManifest.xml:146:13-49
	android:name
		ADDED from src\main\AndroidManifest.xml:145:13-54
activity#education.zhiyuan.com.picturebooks.activity.ToReadActivity
ADDED from src\main\AndroidManifest.xml:148:9-150:52
	android:screenOrientation
		ADDED from src\main\AndroidManifest.xml:150:13-49
	android:name
		ADDED from src\main\AndroidManifest.xml:149:13-52
activity#education.zhiyuan.com.picturebooks.activity.AboutUsActivity
ADDED from src\main\AndroidManifest.xml:151:9-62
	android:name
		ADDED from src\main\AndroidManifest.xml:151:19-59
activity#education.zhiyuan.com.picturebooks.activity.MyEvaluateActivity
ADDED from src\main\AndroidManifest.xml:152:9-154:52
	android:screenOrientation
		ADDED from src\main\AndroidManifest.xml:154:13-49
	android:name
		ADDED from src\main\AndroidManifest.xml:153:13-56
activity#education.zhiyuan.com.picturebooks.activity.MyClassActivity
ADDED from src\main\AndroidManifest.xml:155:9-157:52
	android:screenOrientation
		ADDED from src\main\AndroidManifest.xml:157:13-49
	android:name
		ADDED from src\main\AndroidManifest.xml:156:13-53
activity#education.zhiyuan.com.picturebooks.activity.IsTeacherActivity
ADDED from src\main\AndroidManifest.xml:158:9-160:52
	android:screenOrientation
		ADDED from src\main\AndroidManifest.xml:160:13-49
	android:name
		ADDED from src\main\AndroidManifest.xml:159:13-55
activity#education.zhiyuan.com.picturebooks.activity.FeedBackActivity
ADDED from src\main\AndroidManifest.xml:161:9-163:52
	android:screenOrientation
		ADDED from src\main\AndroidManifest.xml:163:13-49
	android:name
		ADDED from src\main\AndroidManifest.xml:162:13-54
activity#education.zhiyuan.com.picturebooks.activity.SettingActivity
ADDED from src\main\AndroidManifest.xml:164:9-166:52
	android:screenOrientation
		ADDED from src\main\AndroidManifest.xml:166:13-49
	android:name
		ADDED from src\main\AndroidManifest.xml:165:13-53
activity#education.zhiyuan.com.picturebooks.activity.MessageActivity
ADDED from src\main\AndroidManifest.xml:167:9-169:52
	android:screenOrientation
		ADDED from src\main\AndroidManifest.xml:169:13-49
	android:name
		ADDED from src\main\AndroidManifest.xml:168:13-53
activity#education.zhiyuan.com.picturebooks.activity.SearchActivity
ADDED from src\main\AndroidManifest.xml:171:9-174:74
	android:screenOrientation
		ADDED from src\main\AndroidManifest.xml:173:13-49
	android:windowSoftInputMode
		ADDED from src\main\AndroidManifest.xml:174:13-71
	android:name
		ADDED from src\main\AndroidManifest.xml:172:13-52
activity#education.zhiyuan.com.picturebooks.activity.MyAchievementActivity
ADDED from src\main\AndroidManifest.xml:175:9-177:52
	android:screenOrientation
		ADDED from src\main\AndroidManifest.xml:177:13-49
	android:name
		ADDED from src\main\AndroidManifest.xml:176:13-59
activity#education.zhiyuan.com.picturebooks.activity.ResetPasswordActivity
ADDED from src\main\AndroidManifest.xml:178:9-68
	android:name
		ADDED from src\main\AndroidManifest.xml:178:19-65
activity#education.zhiyuan.com.picturebooks.activity.StartLessonDetailActivity
ADDED from src\main\AndroidManifest.xml:179:9-181:52
	android:screenOrientation
		ADDED from src\main\AndroidManifest.xml:181:13-49
	android:name
		ADDED from src\main\AndroidManifest.xml:180:13-63
activity#education.zhiyuan.com.picturebooks.activity.PreviewActivity
ADDED from src\main\AndroidManifest.xml:183:9-185:52
	android:screenOrientation
		ADDED from src\main\AndroidManifest.xml:185:13-49
	android:name
		ADDED from src\main\AndroidManifest.xml:184:13-53
activity#education.zhiyuan.com.picturebooks.activity.ClockActivity
ADDED from src\main\AndroidManifest.xml:186:9-60
	android:name
		ADDED from src\main\AndroidManifest.xml:186:19-57
activity#education.zhiyuan.com.picturebooks.activity.MyCourseMoreActivity
ADDED from src\main\AndroidManifest.xml:187:9-67
	android:name
		ADDED from src\main\AndroidManifest.xml:187:19-64
activity#education.zhiyuan.com.picturebooks.activity.HotCourseMoreActivity
ADDED from src\main\AndroidManifest.xml:188:9-68
	android:name
		ADDED from src\main\AndroidManifest.xml:188:19-65
activity#education.zhiyuan.com.picturebooks.MainActivity
ADDED from src\main\AndroidManifest.xml:189:9-191:52
	android:screenOrientation
		ADDED from src\main\AndroidManifest.xml:191:13-49
	android:name
		ADDED from src\main\AndroidManifest.xml:190:13-41
activity#education.zhiyuan.com.picturebooks.activity.ComActivity
ADDED from src\main\AndroidManifest.xml:192:9-195:55
	android:screenOrientation
		ADDED from src\main\AndroidManifest.xml:194:13-49
	android:windowSoftInputMode
		ADDED from src\main\AndroidManifest.xml:195:13-52
	android:name
		ADDED from src\main\AndroidManifest.xml:193:13-49
activity#education.zhiyuan.com.picturebooks.activity.MyBalanceActivity
ADDED from src\main\AndroidManifest.xml:196:9-64
	android:name
		ADDED from src\main\AndroidManifest.xml:196:19-61
activity#education.zhiyuan.com.picturebooks.wxapi.WXEntryActivity
ADDED from src\main\AndroidManifest.xml:197:9-202:50
	android:label
		ADDED from src\main\AndroidManifest.xml:200:13-45
	android:launchMode
		ADDED from src\main\AndroidManifest.xml:201:13-43
	android:exported
		ADDED from src\main\AndroidManifest.xml:199:13-36
	android:theme
		ADDED from src\main\AndroidManifest.xml:202:13-47
	android:name
		ADDED from src\main\AndroidManifest.xml:198:13-50
activity#com.yalantis.ucrop.UCropActivity
ADDED from src\main\AndroidManifest.xml:205:9-208:72
	android:screenOrientation
		ADDED from src\main\AndroidManifest.xml:207:13-49
	android:theme
		ADDED from src\main\AndroidManifest.xml:208:13-69
	android:name
		ADDED from src\main\AndroidManifest.xml:206:13-60
activity#education.zhiyuan.com.picturebooks.activity.ForgetPwdActivity
ADDED from src\main\AndroidManifest.xml:209:9-64
	android:name
		ADDED from src\main\AndroidManifest.xml:209:19-61
activity#com.alipay.sdk.app.H5PayActivity
ADDED from src\main\AndroidManifest.xml:212:9-217:70
	android:screenOrientation
		ADDED from src\main\AndroidManifest.xml:216:13-47
	android:exported
		ADDED from src\main\AndroidManifest.xml:215:13-37
	android:windowSoftInputMode
		ADDED from src\main\AndroidManifest.xml:217:13-67
	android:configChanges
		ADDED from src\main\AndroidManifest.xml:214:13-85
	android:name
		ADDED from src\main\AndroidManifest.xml:213:13-60
activity#com.alipay.sdk.app.H5AuthActivity
ADDED from src\main\AndroidManifest.xml:218:9-223:70
	android:screenOrientation
		ADDED from src\main\AndroidManifest.xml:222:13-47
	android:exported
		ADDED from src\main\AndroidManifest.xml:221:13-37
	android:windowSoftInputMode
		ADDED from src\main\AndroidManifest.xml:223:13-67
	android:configChanges
		ADDED from src\main\AndroidManifest.xml:220:13-74
	android:name
		ADDED from src\main\AndroidManifest.xml:219:13-61
activity#education.zhiyuan.com.picturebooks.wxapi.WXPayEntryActivity
ADDED from src\main\AndroidManifest.xml:225:9-229:50
	android:launchMode
		ADDED from src\main\AndroidManifest.xml:228:13-43
	android:exported
		ADDED from src\main\AndroidManifest.xml:227:13-36
	android:theme
		ADDED from src\main\AndroidManifest.xml:229:13-47
	android:name
		ADDED from src\main\AndroidManifest.xml:226:13-53
activity#education.zhiyuan.com.picturebooks.activity.LessonDetailActivity
ADDED from src\main\AndroidManifest.xml:230:9-67
	android:name
		ADDED from src\main\AndroidManifest.xml:230:19-64
activity#education.zhiyuan.com.picturebooks.activity.DiscussionAreaActivity
ADDED from src\main\AndroidManifest.xml:231:9-69
	android:name
		ADDED from src\main\AndroidManifest.xml:231:19-66
activity#education.zhiyuan.com.picturebooks.activity.BookListDetailActivity
ADDED from src\main\AndroidManifest.xml:232:9-69
	android:name
		ADDED from src\main\AndroidManifest.xml:232:19-66
activity#education.zhiyuan.com.picturebooks.activity.MyToReadLessHbActivity
ADDED from src\main\AndroidManifest.xml:233:9-69
	android:name
		ADDED from src\main\AndroidManifest.xml:233:19-66
receiver#education.zhiyuan.com.picturebooks.receiver.PushReceiver
ADDED from src\main\AndroidManifest.xml:235:9-253:20
	android:enabled
		ADDED from src\main\AndroidManifest.xml:237:13-35
	android:name
		ADDED from src\main\AndroidManifest.xml:236:13-50
intent-filter#cn.jpush.android.intent.CONNECTION+cn.jpush.android.intent.MESSAGE_RECEIVED+cn.jpush.android.intent.NOTIFICATION_OPENED+cn.jpush.android.intent.NOTIFICATION_RECEIVED+cn.jpush.android.intent.REGISTRATION+education.zhiyuan.com.picturebooks
ADDED from src\main\AndroidManifest.xml:238:13-252:29
action#cn.jpush.android.intent.REGISTRATION
ADDED from src\main\AndroidManifest.xml:241:17-79
	android:name
		ADDED from src\main\AndroidManifest.xml:241:25-76
action#cn.jpush.android.intent.MESSAGE_RECEIVED
ADDED from src\main\AndroidManifest.xml:243:17-83
	android:name
		ADDED from src\main\AndroidManifest.xml:243:25-80
action#cn.jpush.android.intent.NOTIFICATION_RECEIVED
ADDED from src\main\AndroidManifest.xml:245:17-88
	android:name
		ADDED from src\main\AndroidManifest.xml:245:25-85
action#cn.jpush.android.intent.NOTIFICATION_OPENED
ADDED from src\main\AndroidManifest.xml:247:17-86
	android:name
		ADDED from src\main\AndroidManifest.xml:247:25-83
action#cn.jpush.android.intent.CONNECTION
ADDED from src\main\AndroidManifest.xml:249:17-77
	android:name
		ADDED from src\main\AndroidManifest.xml:249:25-74
category#education.zhiyuan.com.picturebooks
ADDED from src\main\AndroidManifest.xml:251:17-79
	android:name
		ADDED from src\main\AndroidManifest.xml:251:27-76
service#education.zhiyuan.com.picturebooks.service.ApkUpdateService
ADDED from src\main\AndroidManifest.xml:255:9-61
	android:name
		ADDED from src\main\AndroidManifest.xml:255:18-58
provider#android.support.v4.content.FileProvider
ADDED from src\main\AndroidManifest.xml:258:9-266:20
	android:authorities
		ADDED from src\main\AndroidManifest.xml:260:13-82
	android:grantUriPermissions
		ADDED from src\main\AndroidManifest.xml:262:13-47
	android:exported
		ADDED from src\main\AndroidManifest.xml:261:13-37
	android:name
		ADDED from src\main\AndroidManifest.xml:259:13-67
meta-data#android.support.FILE_PROVIDER_PATHS
ADDED from src\main\AndroidManifest.xml:263:13-265:53
	android:resource
		ADDED from src\main\AndroidManifest.xml:265:17-50
	android:name
		ADDED from src\main\AndroidManifest.xml:264:17-67
activity#education.zhiyuan.com.picturebooks.activity.AddressActivity
ADDED from src\main\AndroidManifest.xml:268:9-62
	android:name
		ADDED from src\main\AndroidManifest.xml:268:19-59
activity#education.zhiyuan.com.picturebooks.activity.EditAddressActivity
ADDED from src\main\AndroidManifest.xml:269:9-271:75
	android:windowSoftInputMode
		ADDED from src\main\AndroidManifest.xml:271:13-72
	android:name
		ADDED from src\main\AndroidManifest.xml:270:13-57
activity#education.zhiyuan.com.picturebooks.activity.MyMedalActivity
ADDED from src\main\AndroidManifest.xml:272:9-71
	android:name
		ADDED from src\main\AndroidManifest.xml:272:19-59
uses-sdk
INJECTED from src\main\AndroidManifest.xml reason: use-sdk injection requested
MERGED from [com.android.support:multidex:1.0.1] AndroidManifest.xml:18:5-42
MERGED from [com.github.CymChad:BaseRecyclerViewAdapterHelper:2.9.30] AndroidManifest.xml:7:5-9:41
MERGED from [com.orhanobut:logger:1.15] AndroidManifest.xml:6:5-43
MERGED from [com.zhy:base-rvadapter:3.0.3] AndroidManifest.xml:8:5-10:41
MERGED from [com.jakewharton:butterknife:8.6.0] AndroidManifest.xml:5:5-43
MERGED from [com.jaeger.statusbarutil:library:1.4.0] AndroidManifest.xml:7:5-9:41
MERGED from [com.android.support:cardview-v7:25.2.0] AndroidManifest.xml:20:5-43
MERGED from [com.github.devlight.shadowlayout:library:1.0.2] AndroidManifest.xml:19:5-21:41
MERGED from [com.android.support.constraint:constraint-layout:1.0.2] AndroidManifest.xml:5:5-7:41
MERGED from [com.yalantis:ucrop:1.3.2] AndroidManifest.xml:8:5-10:41
MERGED from [com.just.agentweb:agentweb:1.2.6] AndroidManifest.xml:7:5-9:41
MERGED from [com.android.support:design:25.3.1] AndroidManifest.xml:21:5-23:62
MERGED from [com.android.support:appcompat-v7:25.3.1] AndroidManifest.xml:21:5-23:78
MERGED from [com.android.support:animated-vector-drawable:25.3.1] AndroidManifest.xml:20:5-44
MERGED from [com.android.support:support-vector-drawable:25.3.1] AndroidManifest.xml:20:5-43
MERGED from [com.android.support:recyclerview-v7:25.3.1] AndroidManifest.xml:20:5-43
MERGED from [com.android.support:transition:25.3.1] AndroidManifest.xml:20:5-44
MERGED from [com.czt.mp3recorder:library:1.0.4] AndroidManifest.xml:7:5-9:41
MERGED from [com.android.support:support-v4:25.3.1] AndroidManifest.xml:21:5-23:54
MERGED from [com.android.support:support-fragment:25.3.1] AndroidManifest.xml:21:5-23:60
MERGED from [com.android.support:support-media-compat:25.3.1] AndroidManifest.xml:21:5-23:63
MERGED from [com.android.support:support-core-ui:25.3.1] AndroidManifest.xml:21:5-23:58
MERGED from [com.android.support:support-core-utils:25.3.1] AndroidManifest.xml:21:5-23:61
MERGED from [com.android.support:support-compat:25.3.1] AndroidManifest.xml:21:5-23:58
MERGED from [cn.jiguang.sdk:jpush:3.0.3] AndroidManifest.xml:7:5-9:41
MERGED from [cn.jiguang.sdk:jcore:1.1.1] AndroidManifest.xml:7:5-9:41
MERGED from [org.litepal.android:core:1.4.1] AndroidManifest.xml:7:5-9:41
MERGED from [top.zibin:Luban:1.1.3] AndroidManifest.xml:7:5-9:41
	tools:overrideLibrary
		ADDED from [com.android.support:design:25.3.1] AndroidManifest.xml:23:9-59
	android:targetSdkVersion
		INJECTED from src\main\AndroidManifest.xml
		INJECTED from src\main\AndroidManifest.xml
	android:minSdkVersion
		INJECTED from src\main\AndroidManifest.xml
		INJECTED from src\main\AndroidManifest.xml
provider#com.just.library.AgentWebFileProvider
ADDED from [com.just.agentweb:agentweb:1.2.6] AndroidManifest.xml:15:9-23:20
	android:authorities
		ADDED from [com.just.agentweb:agentweb:1.2.6] AndroidManifest.xml:17:13-72
	android:grantUriPermissions
		ADDED from [com.just.agentweb:agentweb:1.2.6] AndroidManifest.xml:19:13-47
	android:exported
		ADDED from [com.just.agentweb:agentweb:1.2.6] AndroidManifest.xml:18:13-37
	android:name
		ADDED from [com.just.agentweb:agentweb:1.2.6] AndroidManifest.xml:16:13-65
receiver#com.just.library.RealDownLoader$NotificationBroadcastReceiver
ADDED from [com.just.agentweb:agentweb:1.2.6] AndroidManifest.xml:25:9-98
	android:name
		ADDED from [com.just.agentweb:agentweb:1.2.6] AndroidManifest.xml:25:19-95
meta-data#android.support.VERSION
ADDED from [com.android.support:design:25.3.1] AndroidManifest.xml:25:5-27:34
MERGED from [com.android.support:appcompat-v7:25.3.1] AndroidManifest.xml:25:5-27:34
MERGED from [com.android.support:animated-vector-drawable:25.3.1] AndroidManifest.xml:22:5-24:34
MERGED from [com.android.support:support-vector-drawable:25.3.1] AndroidManifest.xml:22:5-24:34
MERGED from [com.android.support:recyclerview-v7:25.3.1] AndroidManifest.xml:22:5-24:34
MERGED from [com.android.support:transition:25.3.1] AndroidManifest.xml:22:5-24:34
MERGED from [com.android.support:support-v4:25.3.1] AndroidManifest.xml:25:5-27:34
MERGED from [com.android.support:support-fragment:25.3.1] AndroidManifest.xml:25:5-27:34
MERGED from [com.android.support:support-media-compat:25.3.1] AndroidManifest.xml:25:5-27:34
MERGED from [com.android.support:support-core-ui:25.3.1] AndroidManifest.xml:25:5-27:34
MERGED from [com.android.support:support-core-utils:25.3.1] AndroidManifest.xml:25:5-27:34
MERGED from [com.android.support:support-compat:25.3.1] AndroidManifest.xml:25:5-27:34
	android:value
		ADDED from [com.android.support:design:25.3.1] AndroidManifest.xml:27:9-31
	android:name
		ADDED from [com.android.support:design:25.3.1] AndroidManifest.xml:26:9-47
permission#${JPUSH_PKGNAME}.permission.JPUSH_MESSAGE
ADDED from [cn.jiguang.sdk:jpush:3.0.3] AndroidManifest.xml:11:5-13:47
	android:protectionLevel
		ADDED from [cn.jiguang.sdk:jpush:3.0.3] AndroidManifest.xml:13:9-44
	android:name
		ADDED from [cn.jiguang.sdk:jpush:3.0.3] AndroidManifest.xml:12:9-65
uses-permission#${JPUSH_PKGNAME}.permission.JPUSH_MESSAGE
ADDED from [cn.jiguang.sdk:jpush:3.0.3] AndroidManifest.xml:16:5-81
	android:name
		ADDED from [cn.jiguang.sdk:jpush:3.0.3] AndroidManifest.xml:16:22-78
uses-permission#android.permission.RECEIVE_USER_PRESENT
ADDED from [cn.jiguang.sdk:jpush:3.0.3] AndroidManifest.xml:17:5-79
	android:name
		ADDED from [cn.jiguang.sdk:jpush:3.0.3] AndroidManifest.xml:17:22-76
uses-permission#android.permission.SYSTEM_ALERT_WINDOW
ADDED from [cn.jiguang.sdk:jpush:3.0.3] AndroidManifest.xml:30:5-78
	android:name
		ADDED from [cn.jiguang.sdk:jpush:3.0.3] AndroidManifest.xml:30:22-75
uses-permission#android.permission.ACCESS_COARSE_LOCATION
ADDED from [cn.jiguang.sdk:jpush:3.0.3] AndroidManifest.xml:31:5-81
	android:name
		ADDED from [cn.jiguang.sdk:jpush:3.0.3] AndroidManifest.xml:31:22-78
uses-permission#android.permission.ACCESS_LOCATION_EXTRA_COMMANDS
ADDED from [cn.jiguang.sdk:jpush:3.0.3] AndroidManifest.xml:34:5-89
	android:name
		ADDED from [cn.jiguang.sdk:jpush:3.0.3] AndroidManifest.xml:34:22-86
uses-permission#android.permission.CHANGE_NETWORK_STATE
ADDED from [cn.jiguang.sdk:jpush:3.0.3] AndroidManifest.xml:35:5-79
	android:name
		ADDED from [cn.jiguang.sdk:jpush:3.0.3] AndroidManifest.xml:35:22-76